2014-05-28 12:15:53 



















2014-05-28 12:15:53 TattooCoin version v0.8.6.2-unk-beta ()
2014-05-28 12:15:53 Using OpenSSL version OpenSSL 1.0.1 14 Mar 2012
2014-05-28 12:15:53 Default data directory .
2014-05-28 12:15:53 Using data directory .
2014-05-28 12:15:53 Using at most 125 connections (1024 file descriptors available)
2014-05-28 12:15:53 Using 16 threads for script verification
2014-05-28 12:15:53 init message: Verifying wallet...
2014-05-28 12:15:53 dbenv.open LogDir=./database ErrorFile=./db.log
2014-05-28 12:15:53 Bound to [::]:11045
2014-05-28 12:15:53 Bound to 0.0.0.0:11045
2014-05-28 12:15:53 init message: Loading block index...
2014-05-28 12:15:53 Opening LevelDB in ./blocks/index
2014-05-28 12:15:53 Opened LevelDB successfully
2014-05-28 12:15:53 Opening LevelDB in ./chainstate
2014-05-28 12:15:53 Opened LevelDB successfully
2014-05-28 12:15:53 LoadBlockIndexDB(): last block file = 0
2014-05-28 12:15:53 LoadBlockIndexDB(): transaction index disabled
2014-05-28 12:15:53 Initializing databases...
2014-05-28 12:15:53 a6d457f2154b6c2915f8282a886402ff830771bdefe9fccfb5b3c9f001bb2c4c
2014-05-28 12:15:53 a6d457f2154b6c2915f8282a886402ff830771bdefe9fccfb5b3c9f001bb2c4c
2014-05-28 12:15:53 df5d4cddc97c45da161f81032af08c18a6b7caecf0fb13d416108d61872cb618
2014-05-28 12:15:53 CBlock(hash=a6d457f2154b6c2915f8282a886402ff830771bdefe9fccfb5b3c9f001bb2c4c, input=01000000000000000000000000000000000000000000000000000000000000000000000018b62c87618d1016d413fbf0eccab7a6188cf02a03811f16da457cc9dd4c5ddf208c5b53f0ff0f1e862f4d7c, PoW=00000f9af09eccf867d50321d35620be2e78916af0b9cd7017440b954d9d9f91, ver=1, hashPrevBlock=0000000000000000000000000000000000000000000000000000000000000000, hashMerkleRoot=df5d4cddc97c45da161f81032af08c18a6b7caecf0fb13d416108d61872cb618, nTime=1398508576, nBits=1e0ffff0, nNonce=2085433222, vtx=1)
2014-05-28 12:15:53   CTransaction(hash=df5d4cddc97c45da161f81032af08c18a6b7caecf0fb13d416108d61872cb618, ver=1, vin.size=1, vout.size=1, nLockTime=0)
    CTxIn(COutPoint(0000000000000000000000000000000000000000000000000000000000000000, 4294967295), coinbase 04ffff001d01040d4d74676f7820697320646f776e)
    CTxOut(nValue=50.00000000, scriptPubKey=040184710fa689ad5023690c80f3a4)
  vMerkleTree: df5d4cddc97c45da161f81032af08c18a6b7caecf0fb13d416108d61872cb618 
2014-05-28 12:15:53 Pre-allocating up to position 0x1000000 in blk00000.dat
2014-05-28 12:15:53 SetBestChain: new best=a6d457f2154b6c2915f8282a886402ff830771bdefe9fccfb5b3c9f001bb2c4c  height=0  log2_work=20.000022  tx=1  date=2014-04-26 10:36:16 progress=0.000000
2014-05-28 12:15:53 init message: Verifying blocks...
2014-05-28 12:15:53  block index              19ms
2014-05-28 12:15:53 init message: Loading wallet...
2014-05-28 12:15:53 nFileVersion = 80602
2014-05-28 12:15:53 Performing wallet upgrade to 60000
2014-05-28 12:15:53 keypool added key 1, size=1
2014-05-28 12:15:53 keypool added key 2, size=2
2014-05-28 12:15:53 keypool added key 3, size=3
2014-05-28 12:15:53 keypool added key 4, size=4
2014-05-28 12:15:53 keypool added key 5, size=5
2014-05-28 12:15:53 keypool added key 6, size=6
2014-05-28 12:15:53 keypool added key 7, size=7
2014-05-28 12:15:53 keypool added key 8, size=8
2014-05-28 12:15:53 keypool added key 9, size=9
2014-05-28 12:15:53 keypool added key 10, size=10
2014-05-28 12:15:53 keypool added key 11, size=11
2014-05-28 12:15:53 keypool added key 12, size=12
2014-05-28 12:15:53 keypool added key 13, size=13
2014-05-28 12:15:53 keypool added key 14, size=14
2014-05-28 12:15:53 keypool added key 15, size=15
2014-05-28 12:15:53 keypool added key 16, size=16
2014-05-28 12:15:53 keypool added key 17, size=17
2014-05-28 12:15:53 keypool added key 18, size=18
2014-05-28 12:15:53 keypool added key 19, size=19
2014-05-28 12:15:53 keypool added key 20, size=20
2014-05-28 12:15:53 keypool added key 21, size=21
2014-05-28 12:15:53 keypool added key 22, size=22
2014-05-28 12:15:53 keypool added key 23, size=23
2014-05-28 12:15:53 keypool added key 24, size=24
2014-05-28 12:15:53 keypool added key 25, size=25
2014-05-28 12:15:53 keypool added key 26, size=26
2014-05-28 12:15:53 keypool added key 27, size=27
2014-05-28 12:15:53 keypool added key 28, size=28
2014-05-28 12:15:53 keypool added key 29, size=29
2014-05-28 12:15:53 keypool added key 30, size=30
2014-05-28 12:15:53 keypool added key 31, size=31
2014-05-28 12:15:53 keypool added key 32, size=32
2014-05-28 12:15:53 keypool added key 33, size=33
2014-05-28 12:15:53 keypool added key 34, size=34
2014-05-28 12:15:53 keypool added key 35, size=35
2014-05-28 12:15:53 keypool added key 36, size=36
2014-05-28 12:15:53 keypool added key 37, size=37
2014-05-28 12:15:53 keypool added key 38, size=38
2014-05-28 12:15:53 keypool added key 39, size=39
2014-05-28 12:15:53 keypool added key 40, size=40
2014-05-28 12:15:53 keypool added key 41, size=41
2014-05-28 12:15:53 keypool added key 42, size=42
2014-05-28 12:15:53 keypool added key 43, size=43
2014-05-28 12:15:53 keypool added key 44, size=44
2014-05-28 12:15:53 keypool added key 45, size=45
2014-05-28 12:15:53 keypool added key 46, size=46
2014-05-28 12:15:53 keypool added key 47, size=47
2014-05-28 12:15:53 keypool added key 48, size=48
2014-05-28 12:15:53 keypool added key 49, size=49
2014-05-28 12:15:53 keypool added key 50, size=50
2014-05-28 12:15:53 keypool added key 51, size=51
2014-05-28 12:15:53 keypool added key 52, size=52
2014-05-28 12:15:53 keypool added key 53, size=53
2014-05-28 12:15:53 keypool added key 54, size=54
2014-05-28 12:15:53 keypool added key 55, size=55
2014-05-28 12:15:53 keypool added key 56, size=56
2014-05-28 12:15:53 keypool added key 57, size=57
2014-05-28 12:15:53 keypool added key 58, size=58
2014-05-28 12:15:53 keypool added key 59, size=59
2014-05-28 12:15:53 keypool added key 60, size=60
2014-05-28 12:15:53 keypool added key 61, size=61
2014-05-28 12:15:53 keypool added key 62, size=62
2014-05-28 12:15:53 keypool added key 63, size=63
2014-05-28 12:15:53 keypool added key 64, size=64
2014-05-28 12:15:53 keypool added key 65, size=65
2014-05-28 12:15:53 keypool added key 66, size=66
2014-05-28 12:15:53 keypool added key 67, size=67
2014-05-28 12:15:53 keypool added key 68, size=68
2014-05-28 12:15:53 keypool added key 69, size=69
2014-05-28 12:15:53 keypool added key 70, size=70
2014-05-28 12:15:53 keypool added key 71, size=71
2014-05-28 12:15:54 keypool added key 72, size=72
2014-05-28 12:15:54 keypool added key 73, size=73
2014-05-28 12:15:54 keypool added key 74, size=74
2014-05-28 12:15:54 keypool added key 75, size=75
2014-05-28 12:15:54 keypool added key 76, size=76
2014-05-28 12:15:54 keypool added key 77, size=77
2014-05-28 12:15:54 keypool added key 78, size=78
2014-05-28 12:15:54 keypool added key 79, size=79
2014-05-28 12:15:54 keypool added key 80, size=80
2014-05-28 12:15:54 keypool added key 81, size=81
2014-05-28 12:15:54 keypool added key 82, size=82
2014-05-28 12:15:54 keypool added key 83, size=83
2014-05-28 12:15:54 keypool added key 84, size=84
2014-05-28 12:15:54 keypool added key 85, size=85
2014-05-28 12:15:54 keypool added key 86, size=86
2014-05-28 12:15:54 keypool added key 87, size=87
2014-05-28 12:15:54 keypool added key 88, size=88
2014-05-28 12:15:54 keypool added key 89, size=89
2014-05-28 12:15:54 keypool added key 90, size=90
2014-05-28 12:15:54 keypool added key 91, size=91
2014-05-28 12:15:54 keypool added key 92, size=92
2014-05-28 12:15:54 keypool added key 93, size=93
2014-05-28 12:15:54 keypool added key 94, size=94
2014-05-28 12:15:54 keypool added key 95, size=95
2014-05-28 12:15:54 keypool added key 96, size=96
2014-05-28 12:15:54 keypool added key 97, size=97
2014-05-28 12:15:54 keypool added key 98, size=98
2014-05-28 12:15:54 keypool added key 99, size=99
2014-05-28 12:15:54 keypool added key 100, size=100
2014-05-28 12:15:54 keypool added key 101, size=101
2014-05-28 12:15:54 keypool reserve 1
2014-05-28 12:15:54 keypool keep 1
2014-05-28 12:15:54  wallet                  428ms
2014-05-28 12:15:54 init message: Loading addresses...
2014-05-28 12:15:54 ERROR: CAddrman::Read() : open failed
2014-05-28 12:15:54 Invalid or missing peers.dat; recreating
2014-05-28 12:15:54 Loaded 0 addresses from peers.dat  0ms
2014-05-28 12:15:54 mapBlockIndex.size() = 1
2014-05-28 12:15:54 nBestHeight = 0
2014-05-28 12:15:54 setKeyPool.size() = 100
2014-05-28 12:15:54 mapWallet.size() = 0
2014-05-28 12:15:54 mapAddressBook.size() = 1
2014-05-28 12:15:54 AddLocal(85.25.193.235:11045,1)
2014-05-28 12:15:54 IPv4 venet0:0: 85.25.193.235
2014-05-28 12:15:54 AddLocal([::2]:11045,1)
2014-05-28 12:15:54 IPv6 venet0: ::2
2014-05-28 12:15:54 opencon thread start
2014-05-28 12:15:54 Error: To use tattoocoind, you must set a rpcpassword in the configuration file:
./coin.conf
It is recommended you use the following random password:
rpcuser=tattoocoinrpc
rpcpassword=qkQXfDB77xWyW2fPA4ReokBnw2Rhru3Hfekdu42xiJ1
(you do not need to remember this password)
The username and password MUST NOT be the same.
If the file does not exist, create it with owner-readable-only file permissions.
It is also recommended to set alertnotify so you are notified of problems;
for example: alertnotify=echo %s | mail -s "tattoocoin Alert" admin@foo.com

2014-05-28 12:15:54 msghand thread start
2014-05-28 12:15:54 addcon thread start
2014-05-28 12:15:54 init message: Done loading
2014-05-28 12:15:54 dumpaddr thread start
2014-05-28 12:15:54 net thread start
2014-05-28 12:15:54 msghand thread interrupt
2014-05-28 12:15:54 dnsseed thread start
2014-05-28 12:15:54 Loading addresses from DNS seeds (could take a while)
2014-05-28 12:15:54 0 addresses found from DNS seeds
2014-05-28 12:15:54 dnsseed thread exit
2014-05-28 12:15:54 addcon thread interrupt
2014-05-28 12:15:54 opencon thread interrupt
2014-05-28 12:15:54 dumpaddr thread stop
2014-05-28 12:15:54 Shutdown : In progress...
2014-05-28 12:15:54 Flush(false)
2014-05-28 12:15:54 wallet.dat refcount=0
2014-05-28 12:15:54 wallet.dat checkpoint
2014-05-28 12:15:54 wallet.dat detach
2014-05-28 12:15:54 wallet.dat closed
2014-05-28 12:15:54 DBFlush(false) ended               2ms
2014-05-28 12:15:54 StopNode()
2014-05-28 12:15:54 net thread interrupt
2014-05-28 12:15:54 Flushed 0 addresses to peers.dat  1ms
2014-05-28 12:15:54 Committing 0 changed transactions to coin database...
2014-05-28 12:15:54 Flush(true)
2014-05-28 12:15:54 wallet.dat refcount=0
2014-05-28 12:15:54 wallet.dat checkpoint
2014-05-28 12:15:54 wallet.dat detach
2014-05-28 12:15:54 wallet.dat closed
2014-05-28 12:15:54 DBFlush(true) ended               1ms
2014-05-28 12:15:54 Shutdown : done
